        7200
        7081
        7080
        7079
        7078
        7199
        7198
        7077
        7197
        6958
        6959
        6960
        6957
        7076
        6956
        7075
        6955
        7196
        6837
        6838
        6839
        6840
        6836
        6835
        6718
        6719
        6717
        6716
        6715
        6834
        6954
        7074
        6953
        6833
        6714
        7195
        7073
        7194
        7193
        6720
        6597
        6596
        6598
        6599
        6600
        6595
        6713
        6594
        6593
        6478
        6475
        6476
        6477
        6479
        6474
        6480
        6712
        6832
        6952
        6831
        6711
        6592
        6951
        7072
        7071
        6473
        6591
        6472
        6471
        7192
        6356
        6357
        6358
        6355
        6353
        6354
        6359
        6360
        6352
        6238
        6235
        6236
        6237
        6234
        6239
        6233
        6351
        6232
        6231
        6240
        6830
        6710
        6590
        6470
        6709
        6589
        6469
        6350
        6349
        6829
        6950
        6949
        7070
        6230
        7191
        7069
        7190
        7189
        6116
        6117
        6118
        6115
        6113
        6114
        6112
        6120
        6119
        6111
        6229
        6110
        6109
        5998
        5995
        5994
        5996
        5997
        5993
        5991
        5992
        5999
        5990
        6000
        6708
        6588
        6468
        6348
        6587
        6467
        6707
        6828
        6827
        6948
        6347
        6228
        6227
        6108
        6947
        7068
        7067
        7188
        5989
        6107
        5988
        5987
        5876
        5877
        5878
        5875
        5873
        5874
        5872
        5871
        5869
        5870
        5880
        5879
        5868
        5758
        5755
        5754
        5756
        5757
        5753
        5751
        5752
        5750
        5759
        5749
        5867
        5748
        5747
        5760
        6586
        6466
        6706
        6826
        6705
        6585
        6465
        6346
        6345
        6226
        6825
        6946
        6945
        7066
        6225
        6106
        6105
        5986
        5985
        5866
        5865
        7187
        7065
        7186
        7185
        5746
        5636
        5637
        5638
        5635
        5633
        5634
        5632
        5631
        5629
        5630
        5628
        5640
        5639
        5627
        5745
        5626
        5625
        6704
        6584
        6464
        6344
        6583
        6463
        6703
        6824
        6823
        6944
        6943
        7064
        7063
        6343
        6224
        6223
        6104
        6103
        5984
        5983
        5864
        5863
        5744
        5743
        7184
        5624
        5518
        5515
        5514
        5516
        5517
        5513
        5511
        5512
        5510
        5509
        5507
        5508
        5506
        5519
        5520
        6961
        6962
        6963
        7082
        7083
        6964
        7084
        6843
        6842
        6841
        6844
        6965
        6845
        6966
        6846
        7085
        6724
        6723
        6722
        6721
        6725
        6726
        6603
        6602
        6604
        6605
        6606
        6727
        6847
        6967
        6848
        6728
        6607
        7086
        6968
        7087
        7088
        6601
        6484
        6485
        6483
        6482
        6481
        6486
        6608
        6487
        6488
        6363
        6366
        6365
        6364
        6362
        6367
        6361
        6609
        6729
        6849
        6730
        6610
        6489
        6850
        6969
        6970
        6368
        6490
        6369
        6370
        7089
        6245
        6244
        6243
        6246
        6248
        6247
        6242
        6241
        6249
        6123
        6126
        6125
        6124
        6127
        6122
        6128
        6250
        6129
        6130
        6121
        6731
        6611
        6491
        6371
        6612
        6492
        6372
        6251
        6252
        6732
        6851
        6852
        6971
        6131
        7090
        6972
        7091
        7092
        6005
        6004
        6003
        6006
        6008
        6007
        6009
        6001
        6002
        6010
        6132
        6011
        6012
        5883
        5886
        5887
        5885
        5884
        5888
        5890
        5889
        5882
        5891
        5881
        6613
        6493
        6373
        6253
        6494
        6374
        6614
        6733
        6734
        6853
        6254
        6133
        6134
        6013
        6854
        6973
        6974
        7093
        5892
        6014
        5893
        5894
        5765
        5764
        5763
        5766
        5768
        5767
        5769
        5770
        5772
        5771
        5761
        5762
        5773
        5643
        5646
        5647
        5645
        5644
        5648
        5650
        5649
        5651
        5642
        5652
        5774
        5653
        5654
        5641
        6495
        6375
        6615
        6735
        6616
        6496
        6376
        6255
        6256
        6135
        6736
        6855
        6856
        6975
        6136
        6015
        6016
        5895
        5896
        5775
        5776
        7094
        6976
        7095
        7096
        5655
        5525
        5524
        5523
        5526
        5528
        5527
        5529
        5530
        5532
        5531
        5533
        5521
        5522
        5534
        5656
        5535
        5536
        6617
        6497
        6377
        6257
        6498
        6378
        6618
        6737
        6738
        6857
        6858
        6977
        6978
        6258
        6137
        6138
        6017
        6018
        5897
        5898
        5777
        5778
        5657
        5658
        7097
        5537
        5403
        5406
        5407
        5405
        5404
        5408
        5410
        5409
        5411
        5412
        5414
        5413
        5415
        5402
        5401
        5505
        5623
        5504
        5503
        5416
        5538
        5417
        5418
        6582
        6462
        6702
        6822
        6701
        6581
        6821
        6942
        6941
        7062
        6461
        6342
        6341
        6222
        6221
        6102
        6101
        5982
        5981
        5862
        5861
        5742
        5741
        5622
        5621
        7183
        7061
        7182
        7181
        5502
        6499
        6379
        6619
        6739
        6620
        6500
        6740
        6859
        6860
        6979
        6380
        6259
        6260
        6139
        6140
        6019
        6020
        5899
        5900
        5779
        5780
        5659
        5660
        5539
        5540
        7098
        6980
        7099
        7100
        5419
        5396
        5397
        5398
        5395
        5393
        5394
        5392
        5391
        5389
        5390
        5388
        5400
        5399
        5387
        5385
        5386
        5384
        5285
        5284
        5283
        5286
        5288
        5287
        5289
        5290
        5292
        5291
        5293
        5281
        5282
        5294
        5296
        5295
        5297
        5278
        5275
        5274
        5276
        5277
        5273
        5271
        5272
        5270
        5269
        5267
        5268
        5266
        5279
        5383
        5501
        5265
        5280
        5163
        5166
        5167
        5165
        5164
        5168
        5170
        5169
        5171
        5172
        5174
        5173
        5175
        5162
        5298
        5420
        5176
        5161
        5382
        5381
        5263
        5264
        5299
        5300
        5178
        5177
        6700
        6580
        6820
        6940
        6819
        6699
        6939
        7060
        7059
        6579
        6460
        6459
        6340
        6339
        6220
        6219
        6100
        6099
        5980
        5979
        5860
        5859
        5740
        5739
        5620
        5619
        5500
        5499
        7180
        6621
        6501
        6741
        6861
        6742
        6622
        6862
        6981
        6982
        6502
        6381
        6382
        6261
        6262
        6141
        6142
        6021
        6022
        5901
        5902
        5781
        5782
        5661
        5662
        5541
        5542
        5421
        5422
        7101
        5380
        5262
        5301
        5179
        7179
        7102
        6818
        6698
        6938
        7058
        6937
        6817
        7057
        6697
        6578
        6577
        6458
        6457
        6338
        6337
        6218
        6217
        6098
        6097
        5978
        5977
        5858
        5857
        5738
        5737
        5618
        5617
        5498
        7178
        7177
        5379
        5497
        5261
        6743
        6623
        6863
        6983
        6864
        6744
        6984
        6624
        6503
        6504
        6383
        6384
        6263
        6264
        6143
        6144
        6023
        6024
        5903
        5904
        5783
        5784
        5663
        5664
        5543
        5544
        5423
        7103
        7104
        5302
        5424
        5180
        5156
        5157
        5158
        5155
        5153
        5154
        5152
        5151
        5149
        5150
        5148
        5160
        5159
        5147
        5145
        5146
        5144
        5143
        5045
        5044
        5043
        5046
        5048
        5047
        5049
        5050
        5052
        5051
        5053
        5041
        5042
        5054
        5056
        5055
        5057
        5058
        5378
        5377
        5259
        5260
        5141
        5142
        5303
        5304
        5182
        5181
        5060
        5059
        7056
        6936
        6816
        6935
        7055
        6815
        6696
        6695
        6576
        6575
        6456
        6455
        6336
        6335
        6216
        6215
        6096
        6095
        5976
        5975
        5856
        5855
        5736
        5735
        5616
        7176
        5615
        5496
        5495
        6985
        6865
        6745
        6866
        6986
        6746
        6625
        6626
        6505
        6506
        6385
        6386
        6265
        6266
        6145
        6146
        6025
        6026
        5905
        5906
        5785
        5786
        5665
        5666
        5545
        7105
        5546
        5425
        5426
        5038
        5035
        5034
        5036
        5037
        5033
        5031
        5032
        5030
        5029
        5027
        5028
        5026
        5039
        5025
        5023
        5024
        5040
        4923
        4926
        4927
        4925
        4924
        4928
        4930
        4929
        4931
        4932
        4934
        4933
        4935
        4922
        4936
        4938
        4937
        4921
        7175
        7106
        5376
        5258
        5140
        5022
        5257
        5139
        5375
        5021
        5305
        5183
        5061
        4939
        5184
        5062
        5306
        4940
        7054
        6934
        6814
        6694
        6933
        6813
        7053
        6693
        6574
        6573
        6454
        6453
        6334
        6333
        6214
        6213
        6094
        6093
        5974
        5973
        5854
        5853
        5734
        7174
        7173
        5733
        5614
        5613
        5494
        5493
        6987
        6867
        6747
        6627
        6868
        6748
