        1065
        4303
        4413
        6531
       10469
       14813
       19125
       21511
       21641
       21757
       22133
       24379
       24483
       24499
       24501
       24535
       24539
       24667
       24763
       24781
       24795
       24799
       24837
       24879
       25207
       25313
       25387
       25525
       25817
       25963
       26941
       26983
       27351
       27379
       27487
       27635
       27709
       34639
       35973
       38645
       38713
       39057
       39119
       39155
       39545
       39773
       39785
       39863
       39895
       41983
       42101
       43451
       44587
       50827
       51153
       51365
       51367
       51705
       51893
       52079
       52093
       52193
       52233
       53699
       53777
       53913
       54471
       54863
       58447
       63083
       65537
       66731
       73251
       79831
       79987
       80035
       80053
       80155
       80193
       80247
       80249
       80359
       80397
       80501
       80609
       80671
       80679
       80693
       80811
       80877
       80905
       81083
       81173
       81623
       83483
       85619
       85711
       85923
       85981
       86149
       86281
       86371
       86603
       86619
       87283
       92775
       92825
       92831
       93007
       96537
       99879
       99911
       99945
       99985
      100131
      100133
      100483
      100485
      100507
      100611
      100613
      100658
      100709
      100753
      100815
      100851
      100873
      100939
      101039
      101085
      101087
      101229
      101321
      101663
      101683
      101695
      101703
      101727
      101791
      101795
      101817
      101865
      101875
      102019
      102059
      102207
      102217
      102247
      102325
      103825
      111867
      118033
      123995
      126169
