           1
           5
          13
          23
          45
          69
          85
          95
         105
         111
         145
         149
         167
         193
         199
         201
         239
         249
         273
         307
         319
         323
         365
         397
         411
         415
         421
         425
         427
         463
         473
         481
         487
         491
         499
         679
         797
         809
         821
         825
         829
         831
         865
         869
         871
         873
         875
         877
         881
         883
         887
         891
         899
         907
         909
         911
         915
         923
         939
         941
         943
         959
         965
         973
         981
        1001
        1003
        1021
        1025
        1029
        1031
        1033
        1035
        1043
        1047
        1049
        1059
        1065
        1075
        1085
        1093
        1097
        1105
        1113
        1115
        1123
        1163
        1165
        1167
        1171
        1175
        1177
        1179
        1191
        1205
        1211
        1217
        1219
        1231
        1237
        1249
        1255
        1265
        1271
        1273
        1275
        1281
        1301
        1303
        1311
        1319
        1321
        1331
        1357
        1359
        1361
        1365
        1369
        1371
        1373
        1377
        1379
        1385
        1389
        1397
        1399
        1405
        1407
        1423
        1425
        1437
        1439
        1441
        1455
        1459
        1471
        1475
        1477
        1485
        1493
        1503
        1507
        1523
        1525
        1533
        1543
        1571
        1573
        1575
        1579
        1583
        1587
        1599
        1601
        1605
        1627
        1637
        1647
        1651
        1655
        1659
        1665
        1675
        1679
        1699
        1703
        1705
        1709
        1711
        1713
        1729
        1745
        1751
        1753
        1767
        1769
        1813
        1845
        1865
        1883
        1885
        1901
        1925
        1929
        1949
        1961
        2017
        2025
        2045
        2061
        2063
        2067
        2085
        2091
        2095
        2099
        2101
        2125
        2129
        2131
        2141
        2159
        2175
        2189
        2205
        2223
        2233
        2255
        2263
        2317
        2357
        2425
        2429
        2449
        2455
        2485
        2487
        2517
        2533
        2541
        2545
        2557
        2571
        2615
        2617
        2673
        2711
        2713
        2731
        2743
        2753
        2769
        2779
        2781
        2787
        2797
        2801
        2843
        2847
        2855
        2859
        2875
        2889
        3019
        3049
        3057
        3107
        3111
        3153
        3155
        3157
        3167
        3169
        3179
        3181
        3189
        3191
        3203
        3221
        3227
        3249
        3265
        3275
        3281
        3329
        3349
        3379
        3407
        3417
        3433
        3435
        3493
        3495
        3497
        3509
        3511
        3517
        3521
        3525
        3527
        3535
        3539
        3555
        3557
        3565
        3571
        3573
        3601
        3605
        3611
        3613
        3619
        3625
        3629
        3631
        3637
        3639
        3649
        3651
        3653
        3657
        3659
        3661
        3665
        3667
        3671
        3679
        3683
        3697
        3701
        3703
        3709
        3743
        3747
        3759
        3773
        3775
        3777
        3779
        3805
        3807
        3829
        3837
        3839
        3841
        3843
        3853
        3863
        3867
        3869
        3883
        3885
        3891
        3901
        3903
        3905
        3923
        3925
        3927
        3933
        3935
        3937
        3949
        3959
        3963
        3973
        3979
        3981
        4009
        4011
        4021
        4023
        4027
        4029
        4031
        4035
        4039
        4041
        4053
        4055
        4057
        4059
        4071
        4073
        4075
        4079
        4091
        4095
        4097
        4099
        4105
        4117
        4127
        4153
        4163
        4165
        4185
        4187
        4193
        4195
        4197
        4205
        4211
        4237
        4241
        4243
        4263
        4269
        4273
        4279
        4289
        4301
        4303
        4315
        4317
        4321
        4329
        4343
        4353
        4363
        4379
        4381
        4385
        4389
        4395
        4399
        4403
        4413
        4415
        4417
        4435
        4439
        4465
        4471
        4477
        4481
        4487
        4491
        4495
        4507
        4525
        4527
        4531
        4545
        4551
        4593
        4597
        4617
        4629
        4665
        4675
        4679
        4691
        4701
        4731
        4741
        4785
        4787
        4827
        4829
        4847
        4851
        4853
        4873
        4891
        4911
        4919
        4921
        4961
        4963
        4971
        4985
        5091
        5121
        5341
        5381
        5585
        5607
        5609
        5619
        5621
        5623
        5631
        5635
        5639
        5643
        5647
        5671
        5679
        5681
        5683
        5697
        5699
        5707
        5715
        5729
        5731
        5739
        5751
        5755
        5757
        5761
        5767
        5775
        5783
        5787
        5805
        5811
        5817
        5821
        5827
        5829
        5839
        5851
        5853
        5861
        5863
        5867
        5901
        5905
        5907
        5913
        5925
        5935
        5943
        5945
        5949
        5963
        5965
        5967
        5973
        5977
        5983
        5991
        5993
        5997
        6009
        6015
        6023
        6025
        6027
        6035
        6043
        6053
        6063
        6071
        6073
        6079
        6083
        6091
        6093
        6103
        6111
        6123
        6125
        6129
        6141
        6151
        6153
        6163
        6175
        6181
        6183
        6187
        6195
        6199
        6203
        6209
        6219
        6221
        6227
        6235
        6237
        6239
        6247
        6261
        6269
        6273
        6277
        6287
        6293
        6295
        6307
        6315
        6323
        6327
        6329
        6335
        6337
        6339
        6341
        6351
        6359
        6375
        6377
        6381
        6385
        6427
        6435
        6449
        6453
        6463
        6465
        6475
        6479
        6483
        6489
        6493
        6495
        6497
        6499
        6505
        6511
        6529
        6531
        6537
        6541
        6543
        6551
        6601
        6605
        6613
        6619
        6645
        6675
        6723
        6725
        6739
        6741
        6793
        6799
        6815
        6825
        6837
        6855
        6859
        6873
        6903
        6907
        6909
        6949
        6957
        6973
        6987
        6999
        7027
        7047
        7053
        7079
        7093
        7201
        7233
        7263
        7307
        7469
        7561
        8025
        8027
        8031
        8063
        8067
        8073
        8137
        8177
        8181
        8215
        8217
        8221
        8227
        8231
        8239
        8243
        8261
        8281
        8291
        8301
        8303
        8305
        8313
