        7200
        7081
        7080
        7079
        7078
        7199
        7198
        7077
        7197
        6958
        6959
        6957
        6960
        7076
        6956
        7075
        6955
        7196
        6837
        6838
        6839
        6840
        6836
        6835
        6718
        6717
        6716
        6715
        6719
        6834
        6954
        6953
        6833
        7074
        6714
        7073
        7195
        7193
        7194
        6713
        6596
        6597
        6595
        6594
        6593
        6598
        6720
        6599
        6600
        6712
        6832
        6952
        6831
        6711
        6951
        7072
        7071
        6592
        7192
        6478
        6475
        6476
        6477
        6474
        6479
        6473
        6591
        6472
        6471
        6356
        6357
        6355
        6353
        6354
        6358
        6480
        6359
        6360
        6352
        6238
        6235
        6236
        6237
        6234
        6239
        6233
        6351
        6232
        6231
        6590
        6470
        6710
        6830
        6709
        6589
        6469
        6350
        6349
        6829
        6950
        6949
        7070
        6230
        7069
        7191
        7189
        7190
        6240
        6116
        6117
        6118
        6115
        6113
        6114
        6112
        6119
        6120
        6111
        6229
        6110
        6109
        6708
        6588
        6468
        6587
        6467
        6348
        6707
        6828
        6827
        6948
        6947
        6347
        6228
        6227
        7068
        7067
        6108
        7188
        5998
        5995
        5994
        5996
        5997
        5993
        5991
        5992
        5990
        5999
        5989
        6107
        5988
        5987
        6000
        6826
        6706
        6586
        6705
        6585
        6466
        6825
        6946
        6945
        7066
        6465
        6346
        6345
        6226
        6225
        6106
        6105
        7065
        7187
        7185
        7186
        5986
        6944
        6824
        6704
        6823
        6703
        6584
        6943
        7064
        7063
        6583
        6464
        6463
        6344
        6343
        6224
        6223
        6104
        7184
        6103
        5985
        5984
        5983
        7183
        7062
        6942
        7061
        6941
        6822
        6821
        6702
        6701
        6582
        6581
        6462
        6461
        6342
        6341
        6222
        6221
        6102
        6101
        7181
        7182
        5982
        7060
        6940
        6820
        6939
        7059
        6819
        6700
        6699
        6580
        6579
        6460
        6459
        6340
        6339
        6220
        6219
        6100
        7180
        7179
        6099
        5981
        5980
        5979
        7058
        6938
        7057
        6937
        6818
        6817
        6698
        6697
        6578
        6577
        6458
        6457
        6338
        6337
        6218
        7177
        7178
        6217
        6098
        6097
        7056
        6936
        6816
        6935
        7055
        6815
        6696
        6695
        6576
        6575
        6456
        6455
        6336
        6335
        7176
        6216
        6215
        7175
        7054
        6934
        7053
        6933
        6814
        6813
        6694
        6693
        6574
        6573
        6454
        6453
        7173
        7174
        6334
        6333
        7052
        6932
        6812
        6931
        7051
        6811
        6692
        6691
        6572
        6571
        6452
        6451
        7172
        7171
        6332
        6214
        6096
        6213
        6331
        5978
        6095
        5977
        7050
        6930
        7049
        6929
        6810
        6809
        6690
        6689
        6570
        6569
        6450
        7170
        7169
        6449
        7048
        6928
        6808
        6927
        7047
        6807
        6688
        6687
        6568
        6567
        7168
        7167
        6447
        6448
        6329
        6330
        6211
        6212
        6093
        6094
        5975
        5976
        7046
        6926
        7045
        6925
        6806
        6805
        6686
        6685
        6566
        6565
        7166
        7165
        6446
        6328
        6210
        6327
        6445
        6209
        6092
        5974
        6091
        5973
        7044
        6924
        6804
        6923
        7043
        6803
        6684
        6683
        6564
        6563
        7164
        7163
        6443
        6444
        6325
        6326
        6207
        6208
        6089
        6090
        5971
        5972
        7042
        6922
        7041
        6921
        6802
        6801
        6682
        6681
        7162
        7161
        6562
        6561
        6442
        6324
        6206
        6323
        6441
        6205
        6088
        6087
        5970
        5969
        7040
        6920
        6800
        6919
        7039
        6799
        6680
        6679
        6560
        7160
        6559
        7159
        6439
        6440
        6321
        6322
        6203
        6204
        6085
        6086
        5967
        5968
        7038
        6918
        7037
        6917
        6798
        6797
        6678
        6677
        7158
        7157
        6558
        6557
        7036
        6916
        6796
        6915
        7035
        6795
        6676
        6675
        7156
        7155
        6556
        6438
        6320
        6437
        6555
        6319
        6202
        6201
        6084
        6083
        5966
        5965
        6435
        6436
        6317
        6318
        6199
        6200
        6081
        6082
        5963
        5964
        7034
        6914
        7033
        6913
        6794
        6793
        6674
        6673
        7154
        7153
        6554
        6553
        7032
        6912
        6792
        6911
        7031
        6791
        6672
        6671
        7152
        7151
        6552
        6434
        6316
        6433
        6551
        6315
        6198
        6197
        6080
        6079
        5962
        5961
        6431
        6432
        6313
        6314
        6195
        6196
        6077
        6078
        5959
        5960
        7030
        6910
        7029
        6909
        6790
        6789
        6670
        6669
        7150
        7149
        6550
        6549
        7028
        6908
        6788
        6907
        7027
        6787
        6668
        6667
        7148
        7147
        6548
        6430
        6312
        6429
        6547
        6311
        6194
        6193
        6076
        6075
        5958
        5957
        6427
        6428
        6309
        6310
        6191
        6192
        6073
        6074
        5955
        5956
        7026
        6906
        7025
        6905
        6786
        6785
        6666
        6665
        7146
        7145
        6546
        6545
        7024
        6904
        6784
        6903
        7023
        6783
        6664
        6663
        7144
        7143
        6544
        6426
        6308
        6425
        6543
        6307
        6190
        6189
        6072
        6071
        5954
        5953
        6423
        6424
        6305
        6306
        6187
        6188
        6069
        6070
        5951
        5952
        7022
        6902
        7021
        6901
        6782
        6781
        6662
        6661
        7142
        7141
        6542
        6541
        7020
        6900
        6780
        6899
        7019
        6779
        6660
        6659
        7140
        7139
        6540
        6422
        6304
        6421
        6539
        6303
        6186
        6185
        6068
        6067
        5950
        5949
        6419
        6420
        6301
        6302
        6183
        6184
        6065
        6066
        5947
        5948
        7018
        6898
        7017
        6897
        6778
        6777
        6658
        6657
        7138
        7137
        6538
        6537
        7016
        6896
        6776
        6895
        7015
        6775
        6656
        6655
        7136
        7135
        6536
        6418
        6300
        6417
        6535
        6299
        6182
        6181
        6064
        6063
        5946
        5945
        6415
        6416
        6297
        6298
        6179
        6180
        6061
        6062
        5943
        5944
        7014
        6894
        7013
        6893
        6774
        6773
        6654
        6653
        7134
        7133
        6534
        6533
        7012
        6892
        6772
        6891
        7011
        6771
        6652
        6651
        7132
        7131
        6532
        6414
        6296
        6413
        6531
        6295
        6178
        6177
        6060
        6059
        5942
        5941
        6411
        6412
        6293
        6294
        6175
        6176
        6057
        6058
        5939
        5940
        7010
        6890
        7009
        6889
        6770
        6769
        6650
        6649
        7130
        7129
        6530
        6529
        7008
        6888
        6768
        6887
        7007
        6767
        6648
        6647
        7128
        7127
        6528
        6410
        6292
        6409
        6527
        6291
        6174
        6173
        6056
        6055
        5938
        5937
        6407
        6408
        6289
        6290
        6171
        6172
        6053
        6054
        5935
        5936
        7006
        6886
        7005
        6885
        6766
        6765
        6646
        6645
        7126
        7125
        6526
        6525
        7004
        6884
        6764
        6883
        7003
        6763
        6644
        6643
        7124
        7123
        6524
        6406
        6288
        6405
        6523
        6287
        6170
        6169
        6052
        6051
        5934
        5933
        6403
        6404
        6285
        6286
        6167
        6168
        6049
        6050
        5931
        5932
        7002
        6882
        7001
        6881
        6762
        6761
        6642
        6641
        7122
        7121
        6522
        6521
        7000
        6880
        6760
        6879
        6999
        6759
        6640
        6639
        7120
        6520
        6402
        6284
        6401
        6519
        6283
        6166
        6165
        6048
        6047
        5930
        7119
        5929
        6399
        6400
        6281
        6282
        6163
        6164
        6045
        6046
        5927
        5928
        6998
        6878
        6997
        6877
        6758
        6757
        6638
        6637
        7118
        7117
        6518
        6517
        6398
        6280
        6162
        6279
        6397
        6161
        6044
        6043
        5926
        5925
        6996
        6876
        6756
        6875
        6995
        6755
        6636
        6635
        6516
        6515
        7116
        7115
        6395
        6396
        6277
        6278
        6159
        6160
        6041
        6042
        5923
        5924
        6994
        6874
        6993
        6873
        6754
        6753
        6634
        6633
        6514
        6513
        7114
        7113
        6394
        6276
        6158
        6275
        6393
        6157
        6040
        6039
        5922
        5921
        6992
        6872
        6752
        6871
        6991
        6751
        6632
        6631
        6512
        6511
        7112
        7111
        6391
        6392
        6273
        6274
        6155
        6156
        6037
        6038
        5919
        5920
        6990
        6870
        6989
        6869
        6750
        6749
        6630
        6629
        6510
        6509
        7110
        7109
        6390
        6272
        6154
        6271
        6389
        6153
        6036
        6035
        5918
        5917
        6269
        6270
        6151
        6152
        6033
        6034
        5915
